<?xml version="1.0" encoding="UTF-8"?>
<!-- Generated by org.testng.reporters.JUnitXMLReporter -->
<testsuite hostname="DESKTOP-7TUP9CK" ignored="0" name="Sanity Test" tests="7" failures="7" timestamp="09 Dec 2020 11:32:05 GMT" time="0.11" errors="0">
  <testcase name="VerifyUserNavigateToRegisterPageSuccessfully" time="0.032" classname="com.demo.nopcommerce.testsuite.RegistrationTest">
    <failure type="java.lang.NullPointerException">
      <![CDATA[java.lang.NullPointerException
at com.demo.nopcommerce.testsuite.RegistrationTest.VerifyUserNavigateToRegisterPageSuccessfully(RegistrationTest.java:29)
at com.intellij.rt.testng.IDEARemoteTestNG.run(IDEARemoteTestNG.java:66)
at com.intellij.rt.testng.RemoteTestNGStarter.main(RemoteTestNGStarter.java:110)
... Removed 22 stack frames]]>
    </failure>
  </testcase> <!-- VerifyUserNavigateToRegisterPageSuccessfully -->
  <testcase name="verifyUserShouldAbleTORegisterSuccessfully" time="0.001" classname="com.demo.nopcommerce.testsuite.RegistrationTest">
    <failure type="java.lang.NullPointerException">
      <![CDATA[java.lang.NullPointerException
at com.demo.nopcommerce.testsuite.RegistrationTest.verifyUserShouldAbleTORegisterSuccessfully(RegistrationTest.java:37)
at com.intellij.rt.testng.IDEARemoteTestNG.run(IDEARemoteTestNG.java:66)
at com.intellij.rt.testng.RemoteTestNGStarter.main(RemoteTestNGStarter.java:110)
... Removed 22 stack frames]]>
    </failure>
  </testcase> <!-- verifyUserShouldAbleTORegisterSuccessfully -->
  <testcase name="verifyProductAddedToShoppingCartSuccessFully" time="0.0" classname="com.demo.nopcommerce.testsuite.TestSuite">
    <failure type="java.lang.NullPointerException">
      <![CDATA[java.lang.NullPointerException
at com.demo.nopcommerce.testsuite.TestSuite.verifyProductAddedToShoppingCartSuccessFully(TestSuite.java:51)
at com.intellij.rt.testng.IDEARemoteTestNG.run(IDEARemoteTestNG.java:66)
at com.intellij.rt.testng.RemoteTestNGStarter.main(RemoteTestNGStarter.java:110)
... Removed 22 stack frames]]>
    </failure>
  </testcase> <!-- verifyProductAddedToShoppingCartSuccessFully -->
  <testcase name="verifyProductArrangeInAlphabeticalOrder" time="0.001" classname="com.demo.nopcommerce.testsuite.TestSuite">
    <failure type="java.lang.NullPointerException">
      <![CDATA[java.lang.NullPointerException
at com.demo.nopcommerce.testsuite.TestSuite.verifyProductArrangeInAlphabeticalOrder(TestSuite.java:31)
at com.intellij.rt.testng.IDEARemoteTestNG.run(IDEARemoteTestNG.java:66)
at com.intellij.rt.testng.RemoteTestNGStarter.main(RemoteTestNGStarter.java:110)
... Removed 22 stack frames]]>
    </failure>
  </testcase> <!-- verifyProductArrangeInAlphabeticalOrder -->
  <testcase name="VerifyUserShouldLoginSuccessfullyWithValidCredentials" time="0.001" classname="com.demo.nopcommerce.testsuite.LoginTest">
    <failure type="java.lang.NullPointerException">
      <![CDATA[java.lang.NullPointerException
at com.demo.nopcommerce.testsuite.LoginTest.VerifyUserShouldLoginSuccessfullyWithValidCredentials(LoginTest.java:51)
at com.intellij.rt.testng.IDEARemoteTestNG.run(IDEARemoteTestNG.java:66)
at com.intellij.rt.testng.RemoteTestNGStarter.main(RemoteTestNGStarter.java:110)
... Removed 22 stack frames]]>
    </failure>
  </testcase> <!-- VerifyUserShouldLoginSuccessfullyWithValidCredentials -->
  <testcase name="verifyUserShouldNavigateToLoginPage" time="0.001" classname="com.demo.nopcommerce.testsuite.LoginTest">
    <failure type="java.lang.NullPointerException">
      <![CDATA[java.lang.NullPointerException
at com.demo.nopcommerce.testsuite.LoginTest.verifyUserShouldNavigateToLoginPage(LoginTest.java:29)
at com.intellij.rt.testng.IDEARemoteTestNG.run(IDEARemoteTestNG.java:66)
at com.intellij.rt.testng.RemoteTestNGStarter.main(RemoteTestNGStarter.java:110)
... Removed 22 stack frames]]>
    </failure>
  </testcase> <!-- verifyUserShouldNavigateToLoginPage -->
  <testcase name="verifyUserShouldNotLoginSuccessfullyWithInvalidCredentials" time="0.003" classname="com.demo.nopcommerce.testsuite.LoginTest">
    <failure type="java.lang.NullPointerException">
      <![CDATA[java.lang.NullPointerException
at com.demo.nopcommerce.testsuite.LoginTest.verifyUserShouldNotLoginSuccessfullyWithInvalidCredentials(LoginTest.java:37)
at com.intellij.rt.testng.IDEARemoteTestNG.run(IDEARemoteTestNG.java:66)
at com.intellij.rt.testng.RemoteTestNGStarter.main(RemoteTestNGStarter.java:110)
... Removed 22 stack frames]]>
    </failure>
  </testcase> <!-- verifyUserShouldNotLoginSuccessfullyWithInvalidCredentials -->
</testsuite> <!-- Sanity Test -->
